<?xml version="1.0" encoding="UTF-8"?>
<!-- Generated by org.testng.reporters.JUnitReportReporter -->
<testsuite skipped="0" hostname="192.168.1.7" name="qaclickacademy.MavenJava.AppTest" tests="1" failures="0" timestamp="16 Apr 2018 15:12:53 GMT" time="0.010" errors="0">
  <testcase name="testApp" time="0.010" classname="qaclickacademy.MavenJava.AppTest"/>
</testsuite> <!-- qaclickacademy.MavenJava.AppTest -->
