<?xml version="1.0" encoding="UTF-8"?>
<!-- Generated by org.testng.reporters.JUnitReportReporter -->
<testsuite skipped="0" hostname="192.168.1.7" name="qaclickacademy.MavenJava.RESTAPITest" tests="2" failures="0" timestamp="16 Apr 2018 15:31:08 GMT" time="0.010" errors="0">
  <testcase name="postJira" time="0.007" classname="qaclickacademy.MavenJava.RESTAPITest"/>
  <testcase name="deleteTwitter" time="0.003" classname="qaclickacademy.MavenJava.RESTAPITest"/>
</testsuite> <!-- qaclickacademy.MavenJava.RESTAPITest -->
