<?xml version="1.0" encoding="UTF-8"?>
<!-- Generated by org.testng.reporters.JUnitReportReporter -->
<testsuite skipped="0" hostname="192.168.1.7" name="qaclickacademy.MavenJava.AppiumTest" tests="2" failures="0" timestamp="16 Apr 2018 15:31:08 GMT" time="0.021" errors="0">
  <testcase name="androidApps" time="0.018" classname="qaclickacademy.MavenJava.AppiumTest"/>
  <testcase name="iosApps" time="0.003" classname="qaclickacademy.MavenJava.AppiumTest"/>
</testsuite> <!-- qaclickacademy.MavenJava.AppiumTest -->
